2014-11-02 12:48:27 GUI:ViewModeSwitch:Unexistent->Windowed
2014-11-02 12:48:29 DspStat:0:VMS_STOPPED
2014-11-02 12:48:30 DspStat:733:VMS_STARTING
2014-11-02 12:48:36 DspStat:733:VMS_RUNNING
2014-11-02 12:48:37 DspStat:733:VMS_STOPPING
2014-11-02 12:48:37 DspStat:733:VMS_STOPPING
2014-11-02 12:49:59 DspStat:0:VMS_STOPPED
2014-11-02 12:50:00 DspStat:781:VMS_STARTING
2014-11-02 12:50:13 DspStat:781:VMS_RUNNING
2014-11-02 12:50:13 DspStat:781:VMS_STOPPING
2014-11-02 12:50:14 DspStat:781:VMS_STOPPING
2014-11-02 12:50:57 GUI:ViewModeSwitch:Unexistent->Windowed
2014-11-02 12:50:57 DspStat:0:VMS_STOPPED
2014-11-02 12:50:58 DspStat:801:VMS_STARTING
2014-11-02 12:51:05 DspStat:801:VMS_RUNNING
2014-11-02 12:51:05 DspStat:801:VMS_STOPPING
2014-11-02 12:51:06 DspStat:801:VMS_STOPPING
2014-11-02 12:54:38 GUI:ViewModeSwitch:Windowed->Unexistent
2014-11-02 13:01:25 GUI:ViewModeSwitch:Unexistent->Windowed
2014-11-02 13:01:25 DspStat:0:VMS_STOPPED
2014-11-02 13:01:26 DspStat:948:VMS_STARTING
2014-11-02 13:01:32 DspStat:948:VMS_RUNNING
2014-11-02 13:01:33 DspStat:948:VMS_STOPPING
2014-11-02 13:01:33 DspStat:948:VMS_STOPPING
2014-11-02 13:02:17 DspStat:0:VMS_STOPPED
2014-11-02 13:02:17 DspStat:983:VMS_STARTING
2014-11-02 13:02:38 DspStat:983:VMS_RUNNING
2014-11-02 13:02:38 DspStat:983:VMS_STOPPING
2014-11-02 13:02:39 DspStat:983:VMS_STOPPING
2014-11-02 13:02:53 DspStat:0:VMS_STOPPED
2014-11-02 13:02:54 DspStat:1001:VMS_STARTING
2014-11-02 13:03:03 DspStat:1001:VMS_RUNNING
2014-11-02 13:03:03 DspStat:1001:VMS_STOPPING
2014-11-02 13:03:04 DspStat:1001:VMS_STOPPING
2014-11-02 13:03:11 GUI:ViewModeSwitch:Windowed->Unexistent
2014-11-02 13:20:08 GUI:ViewModeSwitch:Unexistent->Windowed
2014-11-02 13:20:08 DspStat:0:VMS_STOPPED
2014-11-02 13:20:10 DspStat:1069:VMS_STARTING
2014-11-02 13:20:28 DspStat:1069:VMS_RUNNING
2014-11-02 13:20:28 DspStat:1069:VMS_STOPPING
2014-11-02 13:20:29 DspStat:1069:VMS_STOPPING
2014-11-02 13:21:03 GUI:ViewModeSwitch:Windowed->Unexistent
2014-11-02 13:21:08 GUI:ViewModeSwitch:Unexistent->Windowed
2014-11-02 13:21:08 DspStat:0:VMS_STOPPED
2014-11-02 13:21:10 DspStat:1094:VMS_STARTING
2014-11-02 13:21:28 DspStat:1094:VMS_RUNNING
2014-11-02 13:21:28 DspStat:1094:VMS_STOPPING
2014-11-02 13:21:28 DspStat:1094:VMS_STOPPING
2014-11-02 13:21:30 GUI:ViewModeSwitch:Windowed->Unexistent
2014-11-02 13:22:52 GUI:ViewModeSwitch:Unexistent->Windowed
2014-11-02 13:22:52 DspStat:0:VMS_STOPPED
2014-11-02 13:22:53 DspStat:1124:VMS_STARTING
2014-11-02 13:23:00 DspStat:1124:VMS_RUNNING
2014-11-02 13:23:00 DspStat:1124:VMS_STOPPING
2014-11-02 13:23:00 DspStat:1124:VMS_STOPPING
2014-11-02 13:23:01 GUI:ViewModeSwitch:Windowed->Unexistent
